[24-Nov-2024 01:02:08 Asia/Karachi] Current User ID: 2
[24-Nov-2024 01:02:57 Asia/Karachi] Current User ID: 2
[24-Nov-2024 01:03:41 Asia/Karachi] Current User ID: 2
[24-Nov-2024 01:05:22 Asia/Karachi] PHP Warning:  include(../includes/functions.php): failed to open stream: No such file or directory in /home/yvcmer/public_html/ya-lms/includes/header.php on line 7
[24-Nov-2024 01:05:22 Asia/Karachi] PHP Warning:  include(): Failed opening '../includes/functions.php' for inclusion (include_path='.:/usr/share/php') in /home/yvcmer/public_html/ya-lms/includes/header.php on line 7
[24-Nov-2024 01:05:24 Asia/Karachi] PHP Warning:  include(/home/yvcmer/public_html/ya-lms/includes/functions.php): failed to open stream: No such file or directory in /home/yvcmer/public_html/ya-lms/includes/header.php on line 7
[24-Nov-2024 01:05:24 Asia/Karachi] PHP Warning:  include(): Failed opening '../includes/functions.php' for inclusion (include_path='.:/usr/share/php') in /home/yvcmer/public_html/ya-lms/includes/header.php on line 7
[24-Nov-2024 01:05:26 Asia/Karachi] PHP Warning:  include(../includes/functions.php): failed to open stream: No such file or directory in /home/yvcmer/public_html/ya-lms/includes/header.php on line 7
[24-Nov-2024 01:05:26 Asia/Karachi] PHP Warning:  include(): Failed opening '../includes/functions.php' for inclusion (include_path='.:/usr/share/php') in /home/yvcmer/public_html/ya-lms/includes/header.php on line 7
[24-Nov-2024 01:05:29 Asia/Karachi] drop_course->POST: Array
(
)

[24-Nov-2024 01:05:29 Asia/Karachi] No course ID provided to drop_course.php
[24-Nov-2024 01:05:29 Asia/Karachi] PHP Warning:  include(../includes/functions.php): failed to open stream: No such file or directory in /home/yvcmer/public_html/ya-lms/includes/header.php on line 7
[24-Nov-2024 01:05:29 Asia/Karachi] PHP Warning:  include(): Failed opening '../includes/functions.php' for inclusion (include_path='.:/usr/share/php') in /home/yvcmer/public_html/ya-lms/includes/header.php on line 7
[24-Nov-2024 01:09:53 Asia/Karachi] PHP Warning:  include(../includes/functions.php): failed to open stream: No such file or directory in /home/yvcmer/public_html/ya-lms/includes/header.php on line 7
[24-Nov-2024 01:09:53 Asia/Karachi] PHP Warning:  include(): Failed opening '../includes/functions.php' for inclusion (include_path='.:/usr/share/php') in /home/yvcmer/public_html/ya-lms/includes/header.php on line 7
[24-Nov-2024 01:09:57 Asia/Karachi] PHP Warning:  include(../includes/functions.php): failed to open stream: No such file or directory in /home/yvcmer/public_html/ya-lms/includes/header.php on line 7
[24-Nov-2024 01:09:57 Asia/Karachi] PHP Warning:  include(): Failed opening '../includes/functions.php' for inclusion (include_path='.:/usr/share/php') in /home/yvcmer/public_html/ya-lms/includes/header.php on line 7
[24-Nov-2024 01:09:57 Asia/Karachi] Current User ID: 2
[24-Nov-2024 01:09:57 Asia/Karachi] PHP Warning:  include(../includes/functions.php): failed to open stream: No such file or directory in /home/yvcmer/public_html/ya-lms/includes/header.php on line 7
[24-Nov-2024 01:09:57 Asia/Karachi] PHP Warning:  include(): Failed opening '../includes/functions.php' for inclusion (include_path='.:/usr/share/php') in /home/yvcmer/public_html/ya-lms/includes/header.php on line 7
[24-Nov-2024 01:10:23 Asia/Karachi] PHP Warning:  include(../includes/functions.php): failed to open stream: No such file or directory in /home/yvcmer/public_html/ya-lms/includes/header.php on line 7
[24-Nov-2024 01:10:23 Asia/Karachi] PHP Warning:  include(): Failed opening '../includes/functions.php' for inclusion (include_path='.:/usr/share/php') in /home/yvcmer/public_html/ya-lms/includes/header.php on line 7
[24-Nov-2024 01:10:24 Asia/Karachi] PHP Warning:  include(../includes/functions.php): failed to open stream: No such file or directory in /home/yvcmer/public_html/ya-lms/includes/header.php on line 7
[24-Nov-2024 01:10:24 Asia/Karachi] PHP Warning:  include(): Failed opening '../includes/functions.php' for inclusion (include_path='.:/usr/share/php') in /home/yvcmer/public_html/ya-lms/includes/header.php on line 7
[24-Nov-2024 01:10:26 Asia/Karachi] PHP Warning:  include(../includes/functions.php): failed to open stream: No such file or directory in /home/yvcmer/public_html/ya-lms/includes/header.php on line 7
[24-Nov-2024 01:10:26 Asia/Karachi] PHP Warning:  include(): Failed opening '../includes/functions.php' for inclusion (include_path='.:/usr/share/php') in /home/yvcmer/public_html/ya-lms/includes/header.php on line 7
[24-Nov-2024 01:10:31 Asia/Karachi] PHP Warning:  include(../includes/functions.php): failed to open stream: No such file or directory in /home/yvcmer/public_html/ya-lms/includes/header.php on line 7
[24-Nov-2024 01:10:31 Asia/Karachi] PHP Warning:  include(): Failed opening '../includes/functions.php' for inclusion (include_path='.:/usr/share/php') in /home/yvcmer/public_html/ya-lms/includes/header.php on line 7
[24-Nov-2024 01:10:31 Asia/Karachi] Current User ID: 2
[24-Nov-2024 01:10:31 Asia/Karachi] PHP Warning:  include(../includes/functions.php): failed to open stream: No such file or directory in /home/yvcmer/public_html/ya-lms/includes/header.php on line 7
[24-Nov-2024 01:10:31 Asia/Karachi] PHP Warning:  include(): Failed opening '../includes/functions.php' for inclusion (include_path='.:/usr/share/php') in /home/yvcmer/public_html/ya-lms/includes/header.php on line 7
[24-Nov-2024 01:10:44 Asia/Karachi] PHP Warning:  include(../includes/functions.php): failed to open stream: No such file or directory in /home/yvcmer/public_html/ya-lms/includes/header.php on line 7
[24-Nov-2024 01:10:44 Asia/Karachi] PHP Warning:  include(): Failed opening '../includes/functions.php' for inclusion (include_path='.:/usr/share/php') in /home/yvcmer/public_html/ya-lms/includes/header.php on line 7
[24-Nov-2024 01:10:46 Asia/Karachi] PHP Warning:  include(../includes/functions.php): failed to open stream: No such file or directory in /home/yvcmer/public_html/ya-lms/includes/header.php on line 7
[24-Nov-2024 01:10:46 Asia/Karachi] PHP Warning:  include(): Failed opening '../includes/functions.php' for inclusion (include_path='.:/usr/share/php') in /home/yvcmer/public_html/ya-lms/includes/header.php on line 7
[24-Nov-2024 01:10:48 Asia/Karachi] PHP Warning:  include(../includes/functions.php): failed to open stream: No such file or directory in /home/yvcmer/public_html/ya-lms/includes/header.php on line 7
[24-Nov-2024 01:10:48 Asia/Karachi] PHP Warning:  include(): Failed opening '../includes/functions.php' for inclusion (include_path='.:/usr/share/php') in /home/yvcmer/public_html/ya-lms/includes/header.php on line 7
[24-Nov-2024 01:10:50 Asia/Karachi] PHP Warning:  include(../includes/functions.php): failed to open stream: No such file or directory in /home/yvcmer/public_html/ya-lms/includes/header.php on line 7
[24-Nov-2024 01:10:50 Asia/Karachi] PHP Warning:  include(): Failed opening '../includes/functions.php' for inclusion (include_path='.:/usr/share/php') in /home/yvcmer/public_html/ya-lms/includes/header.php on line 7
[24-Nov-2024 01:10:50 Asia/Karachi] Current User ID: 2
[24-Nov-2024 01:10:51 Asia/Karachi] PHP Warning:  include(../includes/functions.php): failed to open stream: No such file or directory in /home/yvcmer/public_html/ya-lms/includes/header.php on line 7
[24-Nov-2024 01:10:51 Asia/Karachi] PHP Warning:  include(): Failed opening '../includes/functions.php' for inclusion (include_path='.:/usr/share/php') in /home/yvcmer/public_html/ya-lms/includes/header.php on line 7
[24-Nov-2024 01:11:35 Asia/Karachi] PHP Warning:  include(../includes/functions.php): failed to open stream: No such file or directory in /home/yvcmer/public_html/ya-lms/includes/header.php on line 7
[24-Nov-2024 01:11:35 Asia/Karachi] PHP Warning:  include(): Failed opening '../includes/functions.php' for inclusion (include_path='.:/usr/share/php') in /home/yvcmer/public_html/ya-lms/includes/header.php on line 7
[24-Nov-2024 01:11:36 Asia/Karachi] PHP Warning:  include(../includes/functions.php): failed to open stream: No such file or directory in /home/yvcmer/public_html/ya-lms/includes/header.php on line 7
[24-Nov-2024 01:11:36 Asia/Karachi] PHP Warning:  include(): Failed opening '../includes/functions.php' for inclusion (include_path='.:/usr/share/php') in /home/yvcmer/public_html/ya-lms/includes/header.php on line 7
[24-Nov-2024 01:11:38 Asia/Karachi] PHP Warning:  include(../includes/functions.php): failed to open stream: No such file or directory in /home/yvcmer/public_html/ya-lms/includes/header.php on line 7
[24-Nov-2024 01:11:38 Asia/Karachi] PHP Warning:  include(): Failed opening '../includes/functions.php' for inclusion (include_path='.:/usr/share/php') in /home/yvcmer/public_html/ya-lms/includes/header.php on line 7
[24-Nov-2024 01:11:41 Asia/Karachi] PHP Warning:  include(../includes/functions.php): failed to open stream: No such file or directory in /home/yvcmer/public_html/ya-lms/includes/header.php on line 7
[24-Nov-2024 01:11:41 Asia/Karachi] PHP Warning:  include(): Failed opening '../includes/functions.php' for inclusion (include_path='.:/usr/share/php') in /home/yvcmer/public_html/ya-lms/includes/header.php on line 7
[24-Nov-2024 01:11:41 Asia/Karachi] Current User ID: 2
[24-Nov-2024 01:11:41 Asia/Karachi] PHP Warning:  include(../includes/functions.php): failed to open stream: No such file or directory in /home/yvcmer/public_html/ya-lms/includes/header.php on line 7
[24-Nov-2024 01:11:41 Asia/Karachi] PHP Warning:  include(): Failed opening '../includes/functions.php' for inclusion (include_path='.:/usr/share/php') in /home/yvcmer/public_html/ya-lms/includes/header.php on line 7
[24-Nov-2024 01:11:47 Asia/Karachi] PHP Warning:  include(../includes/functions.php): failed to open stream: No such file or directory in /home/yvcmer/public_html/ya-lms/includes/header.php on line 7
[24-Nov-2024 01:11:47 Asia/Karachi] PHP Warning:  include(): Failed opening '../includes/functions.php' for inclusion (include_path='.:/usr/share/php') in /home/yvcmer/public_html/ya-lms/includes/header.php on line 7
[24-Nov-2024 01:13:35 Asia/Karachi] PHP Warning:  include(../includes/functions.php): failed to open stream: No such file or directory in /home/yvcmer/public_html/ya-lms/includes/header.php on line 7
[24-Nov-2024 01:13:35 Asia/Karachi] PHP Warning:  include(): Failed opening '../includes/functions.php' for inclusion (include_path='.:/usr/share/php') in /home/yvcmer/public_html/ya-lms/includes/header.php on line 7
[24-Nov-2024 01:16:00 Asia/Karachi] PHP Warning:  include(../includes/functions.php): failed to open stream: No such file or directory in /home/yvcmer/public_html/ya-lms/includes/header.php on line 7
[24-Nov-2024 01:16:00 Asia/Karachi] PHP Warning:  include(): Failed opening '../includes/functions.php' for inclusion (include_path='.:/usr/share/php') in /home/yvcmer/public_html/ya-lms/includes/header.php on line 7
[24-Nov-2024 01:16:03 Asia/Karachi] PHP Warning:  include(../includes/functions.php): failed to open stream: No such file or directory in /home/yvcmer/public_html/ya-lms/includes/header.php on line 7
[24-Nov-2024 01:16:03 Asia/Karachi] PHP Warning:  include(): Failed opening '../includes/functions.php' for inclusion (include_path='.:/usr/share/php') in /home/yvcmer/public_html/ya-lms/includes/header.php on line 7
[24-Nov-2024 01:18:00 Asia/Karachi] PHP Warning:  include(../includes/functions.php): failed to open stream: No such file or directory in /home/yvcmer/public_html/ya-lms/includes/header.php on line 7
[24-Nov-2024 01:18:00 Asia/Karachi] PHP Warning:  include(): Failed opening '../includes/functions.php' for inclusion (include_path='.:/usr/share/php') in /home/yvcmer/public_html/ya-lms/includes/header.php on line 7
[24-Nov-2024 01:21:14 Asia/Karachi] PHP Warning:  include(../includes/functions.php): failed to open stream: No such file or directory in /home/yvcmer/public_html/ya-lms/includes/header.php on line 7
[24-Nov-2024 01:21:14 Asia/Karachi] PHP Warning:  include(): Failed opening '../includes/functions.php' for inclusion (include_path='.:/usr/share/php') in /home/yvcmer/public_html/ya-lms/includes/header.php on line 7
[24-Nov-2024 01:22:46 Asia/Karachi] PHP Warning:  include(../includes/functions.php): failed to open stream: No such file or directory in /home/yvcmer/public_html/ya-lms/includes/header.php on line 7
[24-Nov-2024 01:22:46 Asia/Karachi] PHP Warning:  include(): Failed opening '../includes/functions.php' for inclusion (include_path='.:/usr/share/php') in /home/yvcmer/public_html/ya-lms/includes/header.php on line 7
[24-Nov-2024 01:24:54 Asia/Karachi] PHP Warning:  include(../includes/functions.php): failed to open stream: No such file or directory in /home/yvcmer/public_html/ya-lms/includes/header.php on line 7
[24-Nov-2024 01:24:54 Asia/Karachi] PHP Warning:  include(): Failed opening '../includes/functions.php' for inclusion (include_path='.:/usr/share/php') in /home/yvcmer/public_html/ya-lms/includes/header.php on line 7
[24-Nov-2024 01:25:15 Asia/Karachi] PHP Warning:  include(../includes/functions.php): failed to open stream: No such file or directory in /home/yvcmer/public_html/ya-lms/includes/header.php on line 7
[24-Nov-2024 01:25:15 Asia/Karachi] PHP Warning:  include(): Failed opening '../includes/functions.php' for inclusion (include_path='.:/usr/share/php') in /home/yvcmer/public_html/ya-lms/includes/header.php on line 7
[24-Nov-2024 01:27:19 Asia/Karachi] PHP Warning:  include(../includes/functions.php): failed to open stream: No such file or directory in /home/yvcmer/public_html/ya-lms/includes/header.php on line 7
[24-Nov-2024 01:27:19 Asia/Karachi] PHP Warning:  include(): Failed opening '../includes/functions.php' for inclusion (include_path='.:/usr/share/php') in /home/yvcmer/public_html/ya-lms/includes/header.php on line 7
[24-Nov-2024 01:28:22 Asia/Karachi] PHP Warning:  include(../includes/functions.php): failed to open stream: No such file or directory in /home/yvcmer/public_html/ya-lms/includes/header.php on line 7
[24-Nov-2024 01:28:22 Asia/Karachi] PHP Warning:  include(): Failed opening '../includes/functions.php' for inclusion (include_path='.:/usr/share/php') in /home/yvcmer/public_html/ya-lms/includes/header.php on line 7
[24-Nov-2024 01:28:22 Asia/Karachi] Current User ID: 2
[24-Nov-2024 01:28:24 Asia/Karachi] PHP Warning:  include(../includes/functions.php): failed to open stream: No such file or directory in /home/yvcmer/public_html/ya-lms/includes/header.php on line 7
[24-Nov-2024 01:28:24 Asia/Karachi] PHP Warning:  include(): Failed opening '../includes/functions.php' for inclusion (include_path='.:/usr/share/php') in /home/yvcmer/public_html/ya-lms/includes/header.php on line 7
[24-Nov-2024 01:29:25 Asia/Karachi] PHP Warning:  include(../includes/functions.php): failed to open stream: No such file or directory in /home/yvcmer/public_html/ya-lms/includes/header.php on line 7
[24-Nov-2024 01:29:25 Asia/Karachi] PHP Warning:  include(): Failed opening '../includes/functions.php' for inclusion (include_path='.:/usr/share/php') in /home/yvcmer/public_html/ya-lms/includes/header.php on line 7
[24-Nov-2024 01:29:28 Asia/Karachi] PHP Warning:  include(../includes/functions.php): failed to open stream: No such file or directory in /home/yvcmer/public_html/ya-lms/includes/header.php on line 7
[24-Nov-2024 01:29:28 Asia/Karachi] PHP Warning:  include(): Failed opening '../includes/functions.php' for inclusion (include_path='.:/usr/share/php') in /home/yvcmer/public_html/ya-lms/includes/header.php on line 7
[24-Nov-2024 01:29:58 Asia/Karachi] PHP Warning:  include(../includes/functions.php): failed to open stream: No such file or directory in /home/yvcmer/public_html/ya-lms/includes/header.php on line 7
[24-Nov-2024 01:29:58 Asia/Karachi] PHP Warning:  include(): Failed opening '../includes/functions.php' for inclusion (include_path='.:/usr/share/php') in /home/yvcmer/public_html/ya-lms/includes/header.php on line 7
[24-Nov-2024 01:33:47 Asia/Karachi] PHP Warning:  include(../includes/functions.php): failed to open stream: No such file or directory in /home/yvcmer/public_html/ya-lms/includes/header.php on line 7
[24-Nov-2024 01:33:47 Asia/Karachi] PHP Warning:  include(): Failed opening '../includes/functions.php' for inclusion (include_path='.:/usr/share/php') in /home/yvcmer/public_html/ya-lms/includes/header.php on line 7
[24-Nov-2024 01:34:31 Asia/Karachi] PHP Warning:  include(../includes/functions.php): failed to open stream: No such file or directory in /home/yvcmer/public_html/ya-lms/includes/header.php on line 7
[24-Nov-2024 01:34:31 Asia/Karachi] PHP Warning:  include(): Failed opening '../includes/functions.php' for inclusion (include_path='.:/usr/share/php') in /home/yvcmer/public_html/ya-lms/includes/header.php on line 7
[24-Nov-2024 01:34:31 Asia/Karachi] PHP Warning:  include(../includes/functions.php): failed to open stream: No such file or directory in /home/yvcmer/public_html/ya-lms/includes/header.php on line 7
[24-Nov-2024 01:34:31 Asia/Karachi] PHP Warning:  include(): Failed opening '../includes/functions.php' for inclusion (include_path='.:/usr/share/php') in /home/yvcmer/public_html/ya-lms/includes/header.php on line 7
[24-Nov-2024 01:37:23 Asia/Karachi] PHP Warning:  include(../includes/functions.php): failed to open stream: No such file or directory in /home/yvcmer/public_html/ya-lms/includes/header.php on line 7
[24-Nov-2024 01:37:23 Asia/Karachi] PHP Warning:  include(): Failed opening '../includes/functions.php' for inclusion (include_path='.:/usr/share/php') in /home/yvcmer/public_html/ya-lms/includes/header.php on line 7
[24-Nov-2024 01:38:10 Asia/Karachi] PHP Warning:  include(../includes/functions.php): failed to open stream: No such file or directory in /home/yvcmer/public_html/ya-lms/includes/header.php on line 7
[24-Nov-2024 01:38:10 Asia/Karachi] PHP Warning:  include(): Failed opening '../includes/functions.php' for inclusion (include_path='.:/usr/share/php') in /home/yvcmer/public_html/ya-lms/includes/header.php on line 7
[24-Nov-2024 01:38:50 Asia/Karachi] PHP Warning:  include(../includes/functions.php): failed to open stream: No such file or directory in /home/yvcmer/public_html/ya-lms/includes/header.php on line 7
[24-Nov-2024 01:38:50 Asia/Karachi] PHP Warning:  include(): Failed opening '../includes/functions.php' for inclusion (include_path='.:/usr/share/php') in /home/yvcmer/public_html/ya-lms/includes/header.php on line 7
[24-Nov-2024 01:38:53 Asia/Karachi] PHP Warning:  include(../includes/functions.php): failed to open stream: No such file or directory in /home/yvcmer/public_html/ya-lms/includes/header.php on line 7
[24-Nov-2024 01:38:53 Asia/Karachi] PHP Warning:  include(): Failed opening '../includes/functions.php' for inclusion (include_path='.:/usr/share/php') in /home/yvcmer/public_html/ya-lms/includes/header.php on line 7
[24-Nov-2024 01:38:56 Asia/Karachi] PHP Warning:  include(../includes/functions.php): failed to open stream: No such file or directory in /home/yvcmer/public_html/ya-lms/includes/header.php on line 7
[24-Nov-2024 01:38:56 Asia/Karachi] PHP Warning:  include(): Failed opening '../includes/functions.php' for inclusion (include_path='.:/usr/share/php') in /home/yvcmer/public_html/ya-lms/includes/header.php on line 7
[24-Nov-2024 01:40:15 Asia/Karachi] PHP Warning:  include(../includes/functions.php): failed to open stream: No such file or directory in /home/yvcmer/public_html/ya-lms/includes/header.php on line 7
[24-Nov-2024 01:40:15 Asia/Karachi] PHP Warning:  include(): Failed opening '../includes/functions.php' for inclusion (include_path='.:/usr/share/php') in /home/yvcmer/public_html/ya-lms/includes/header.php on line 7
[24-Nov-2024 01:40:34 Asia/Karachi] PHP Warning:  include(../includes/functions.php): failed to open stream: No such file or directory in /home/yvcmer/public_html/ya-lms/includes/header.php on line 7
[24-Nov-2024 01:40:34 Asia/Karachi] PHP Warning:  include(): Failed opening '../includes/functions.php' for inclusion (include_path='.:/usr/share/php') in /home/yvcmer/public_html/ya-lms/includes/header.php on line 7
[24-Nov-2024 01:40:34 Asia/Karachi] Current User ID: 2
[24-Nov-2024 01:40:35 Asia/Karachi] PHP Warning:  include(../includes/functions.php): failed to open stream: No such file or directory in /home/yvcmer/public_html/ya-lms/includes/header.php on line 7
[24-Nov-2024 01:40:35 Asia/Karachi] PHP Warning:  include(): Failed opening '../includes/functions.php' for inclusion (include_path='.:/usr/share/php') in /home/yvcmer/public_html/ya-lms/includes/header.php on line 7
[24-Nov-2024 01:40:39 Asia/Karachi] PHP Warning:  include(../includes/functions.php): failed to open stream: No such file or directory in /home/yvcmer/public_html/ya-lms/includes/header.php on line 7
[24-Nov-2024 01:40:39 Asia/Karachi] PHP Warning:  include(): Failed opening '../includes/functions.php' for inclusion (include_path='.:/usr/share/php') in /home/yvcmer/public_html/ya-lms/includes/header.php on line 7
[24-Nov-2024 01:40:41 Asia/Karachi] PHP Warning:  include(../includes/functions.php): failed to open stream: No such file or directory in /home/yvcmer/public_html/ya-lms/includes/header.php on line 7
[24-Nov-2024 01:40:41 Asia/Karachi] PHP Warning:  include(): Failed opening '../includes/functions.php' for inclusion (include_path='.:/usr/share/php') in /home/yvcmer/public_html/ya-lms/includes/header.php on line 7
[24-Nov-2024 01:40:46 Asia/Karachi] PHP Warning:  include(../includes/functions.php): failed to open stream: No such file or directory in /home/yvcmer/public_html/ya-lms/includes/header.php on line 7
[24-Nov-2024 01:40:46 Asia/Karachi] PHP Warning:  include(): Failed opening '../includes/functions.php' for inclusion (include_path='.:/usr/share/php') in /home/yvcmer/public_html/ya-lms/includes/header.php on line 7
[24-Nov-2024 01:40:49 Asia/Karachi] PHP Warning:  include(../includes/functions.php): failed to open stream: No such file or directory in /home/yvcmer/public_html/ya-lms/includes/header.php on line 7
[24-Nov-2024 01:40:49 Asia/Karachi] PHP Warning:  include(): Failed opening '../includes/functions.php' for inclusion (include_path='.:/usr/share/php') in /home/yvcmer/public_html/ya-lms/includes/header.php on line 7
[24-Nov-2024 01:41:32 Asia/Karachi] PHP Warning:  include(../includes/functions.php): failed to open stream: No such file or directory in /home/yvcmer/public_html/ya-lms/includes/header.php on line 7
[24-Nov-2024 01:41:32 Asia/Karachi] PHP Warning:  include(): Failed opening '../includes/functions.php' for inclusion (include_path='.:/usr/share/php') in /home/yvcmer/public_html/ya-lms/includes/header.php on line 7
[24-Nov-2024 01:41:39 Asia/Karachi] PHP Warning:  include(../includes/functions.php): failed to open stream: No such file or directory in /home/yvcmer/public_html/ya-lms/includes/header.php on line 7
[24-Nov-2024 01:41:39 Asia/Karachi] PHP Warning:  include(): Failed opening '../includes/functions.php' for inclusion (include_path='.:/usr/share/php') in /home/yvcmer/public_html/ya-lms/includes/header.php on line 7
[24-Nov-2024 01:46:45 Asia/Karachi] PHP Warning:  include(../includes/functions.php): failed to open stream: No such file or directory in /home/yvcmer/public_html/ya-lms/includes/header.php on line 7
[24-Nov-2024 01:46:45 Asia/Karachi] PHP Warning:  include(): Failed opening '../includes/functions.php' for inclusion (include_path='.:/usr/share/php') in /home/yvcmer/public_html/ya-lms/includes/header.php on line 7
[24-Nov-2024 01:48:38 Asia/Karachi] PHP Warning:  include(../includes/functions.php): failed to open stream: No such file or directory in /home/yvcmer/public_html/ya-lms/includes/header.php on line 7
[24-Nov-2024 01:48:38 Asia/Karachi] PHP Warning:  include(): Failed opening '../includes/functions.php' for inclusion (include_path='.:/usr/share/php') in /home/yvcmer/public_html/ya-lms/includes/header.php on line 7
[24-Nov-2024 01:53:13 Asia/Karachi] PHP Warning:  include(../includes/functions.php): failed to open stream: No such file or directory in /home/yvcmer/public_html/ya-lms/includes/header.php on line 7
[24-Nov-2024 01:53:13 Asia/Karachi] PHP Warning:  include(): Failed opening '../includes/functions.php' for inclusion (include_path='.:/usr/share/php') in /home/yvcmer/public_html/ya-lms/includes/header.php on line 7
[24-Nov-2024 01:53:16 Asia/Karachi] PHP Warning:  include(../includes/functions.php): failed to open stream: No such file or directory in /home/yvcmer/public_html/ya-lms/includes/header.php on line 7
[24-Nov-2024 01:53:16 Asia/Karachi] PHP Warning:  include(): Failed opening '../includes/functions.php' for inclusion (include_path='.:/usr/share/php') in /home/yvcmer/public_html/ya-lms/includes/header.php on line 7
[24-Nov-2024 01:56:03 Asia/Karachi] PHP Warning:  include(../includes/functions.php): failed to open stream: No such file or directory in /home/yvcmer/public_html/ya-lms/includes/header.php on line 7
[24-Nov-2024 01:56:03 Asia/Karachi] PHP Warning:  include(): Failed opening '../includes/functions.php' for inclusion (include_path='.:/usr/share/php') in /home/yvcmer/public_html/ya-lms/includes/header.php on line 7
[24-Nov-2024 01:56:36 Asia/Karachi] PHP Warning:  include(../includes/functions.php): failed to open stream: No such file or directory in /home/yvcmer/public_html/ya-lms/includes/header.php on line 7
[24-Nov-2024 01:56:36 Asia/Karachi] PHP Warning:  include(): Failed opening '../includes/functions.php' for inclusion (include_path='.:/usr/share/php') in /home/yvcmer/public_html/ya-lms/includes/header.php on line 7
